pru_realtime.p(  179) : 0x0000 = Label      : start:
pru_realtime.p(  181) : 0x0000 = 0x91042481 :     lbco     r1, c4, 4, 4
pru_realtime.p(  182) : 0x0001 = 0x1d04e1e1 :     clr      r1, r1, 4
pru_realtime.p(  183) : 0x0002 = 0x81042481 :     sbco     r1, c4, 4, 4
pru_realtime.p(  186) : 0x0003 = 0x240000e6 :     mov      R6, 0
pru_realtime.p(  187) : 0x0004 = 0x240100e7 :     mov      R7, (0 + (64*4))
pru_realtime.p(  188) : 0x0005 = 0x2444e0c8 :     mov      R8, 0x44e07000
pru_realtime.p(  188) : 0x0006 = 0x24700088 :     mov      R8, 0x44e07000
pru_realtime.p(  189) : 0x0007 = 0x244804c9 :     mov      R9, 0x4804c000
pru_realtime.p(  189) : 0x0008 = 0x24c00089 :     mov      R9, 0x4804c000
pru_realtime.p(  190) : 0x0009 = 0x24481aca :     mov      R10, 0x481ac000
pru_realtime.p(  190) : 0x000a = 0x24c0008a :     mov      R10, 0x481ac000
pru_realtime.p(  191) : 0x000b = 0x24481acb :     mov      R11, 0x481ae000
pru_realtime.p(  191) : 0x000c = 0x24e0008b :     mov      R11, 0x481ae000
pru_realtime.p(  192) : 0x000d = 0x240138ec :     mov      R12, 0x138
pru_realtime.p(  193) : 0x000e = 0x240134ed :     mov      R13, 0x134
pru_realtime.p(  194) : 0x000f = 0x240194ee :     mov      R14, 0x194
pru_realtime.p(  195) : 0x0010 = 0x240190ef :     mov      R15, 0x190
pru_realtime.p(  196) : 0x0011 = 0x244804d0 :     mov      R16, 0x48044000
pru_realtime.p(  196) : 0x0012 = 0x24400090 :     mov      R16, 0x48044000
pru_realtime.p(  197) : 0x0013 = 0x240038f1 :     mov      R17, 0x38
pru_realtime.p(  198) : 0x0014 = 0x24003cf2 :     mov      R18, 0x3c
pru_realtime.p(  200) : 0x0015 = 0x240000e1 :     mov      r1, 0
pru_realtime.p(  201) : 0x0016 = 0xe1082681 :     sbbo     r1, R6,  8 ,  4 
pru_realtime.p(  202) : 0x0017 = 0x21003d00 :     jmp      cmd_clear
pru_realtime.p(  204) : 0x0018 = Label      : cmd_done:
pru_realtime.p(  205) : 0x0018 = 0x240000e1 :     mov      r1, 0
pru_realtime.p(  206) : 0x0019 = 0xe1002681 :     sbbo     r1, R6,  0 ,  4 
pru_realtime.p(  208) : 0x001a = Label      : cmd_get:
pru_realtime.p(  209) : 0x001a = 0xf1002681 :     lbbo     r1, R6,  0 ,  4 
pru_realtime.p(  210) : 0x001b = 0x5101e10a :     qbeq     cmd_ping, r1, 1
pru_realtime.p(  211) : 0x001c = 0x5102e110 :     qbeq     cmd_read, r1, 2
pru_realtime.p(  212) : 0x001d = 0x5103e116 :     qbeq     cmd_write, r1, 3
pru_realtime.p(  213) : 0x001e = 0x5104e11f :     qbeq     cmd_clear, r1, 4
pru_realtime.p(  214) : 0x001f = 0x5105e151 :     qbeq     cmd_bus_clk_stop, r1, 5
pru_realtime.p(  215) : 0x0020 = 0x5106e153 :     qbeq     cmd_bus_clk_start, r1, 6
pru_realtime.p(  216) : 0x0021 = 0x5107e155 :     qbeq     cmd_TI_meas, r1, 7
pru_realtime.p(  219) : 0x0022 = 0xf1042681 :     lbbo     r1, R6,  4 ,  4 
pru_realtime.p(  220) : 0x0023 = 0x5101e123 :     qbeq     cmd_count, r1, 1
pru_realtime.p(  221) : 0x0024 = 0x21001a00 :     jmp      cmd_get
pru_realtime.p(  225) : 0x0025 = Label      : cmd_ping:
pru_realtime.p(  226) : 0x0025 = 0xf10c2681 :     lbbo     r1, R6,  12 ,  4 
pru_realtime.p(  227) : 0x0026 = 0xf1102682 :     lbbo     r2, R6,  16 ,  4 
pru_realtime.p(  228) : 0x0027 = 0x00e2e1e1 :     add      r1, r1, r2
pru_realtime.p(  229) : 0x0028 = 0xe1142681 :     sbbo     r1, R6,  20 ,  4 
pru_realtime.p(  230) : 0x0029 = 0xf1002781 :     lbbo     r1, R7,  0 ,  4 
pru_realtime.p(  231) : 0x002a = 0xe1182681 :     sbbo     r1, R6,  24 ,  4 
pru_realtime.p(  232) : 0x002b = 0x21001800 :     jmp      cmd_done
pru_realtime.p(  236) : 0x002c = Label      : cmd_read:
pru_realtime.p(  237) : 0x002c = 0x240028f3 :     mov      R19,  40 
pru_realtime.p(  238) : 0x002d = 0x23012adc :     jal      R28.w2.w0, set_addr
pru_realtime.p(  239) : 0x002e = 0x2300d59c :     jal      R28.w0.w0, bus_read
pru_realtime.p(  240) : 0x002f = 0xe1042793 :     sbbo     R19, R7,  4 ,  4 
pru_realtime.p(  241) : 0x0030 = 0xe10c2794 :     sbbo     R20, R7,  12 ,  4 
pru_realtime.p(  242) : 0x0031 = 0xe1142795 :     sbbo     R21, R7,  20 ,  4 
pru_realtime.p(  243) : 0x0032 = 0x21001800 :     jmp      cmd_done
pru_realtime.p(  247) : 0x0033 = Label      : cmd_write:
pru_realtime.p(  248) : 0x0033 = 0x240028f3 :     mov      R19,  40 
pru_realtime.p(  249) : 0x0034 = 0x23012adc :     jal      R28.w2.w0, set_addr
pru_realtime.p(  250) : 0x0035 = 0xf1042793 :     lbbo     R19, R7,  4 ,  4 
pru_realtime.p(  251) : 0x0036 = 0xf1082794 :     lbbo     R20, R7,  8 ,  4 
pru_realtime.p(  252) : 0x0037 = 0xf10c2795 :     lbbo     R21, R7,  12 ,  4 
pru_realtime.p(  253) : 0x0038 = 0xf1102796 :     lbbo     R22, R7,  16 ,  4 
pru_realtime.p(  254) : 0x0039 = 0xf1142797 :     lbbo     R23, R7,  20 ,  4 
pru_realtime.p(  255) : 0x003a = 0xf1182798 :     lbbo     R24, R7,  24 ,  4 
pru_realtime.p(  256) : 0x003b = 0x2300f19c :     jal      R28.w0.w0, bus_write
pru_realtime.p(  257) : 0x003c = 0x21001800 :     jmp      cmd_done
pru_realtime.p(  261) : 0x003d = Label      : cmd_clear:
pru_realtime.p(  262) : 0x003d = 0x240000f9 :     mov      R25, 0
pru_realtime.p(  263) : 0x003e = 0xe11c2699 :     sbbo     R25, R6,  28 ,  4 
pru_realtime.p(  264) : 0x003f = 0x240000fa :     mov      R26, 0
pru_realtime.p(  265) : 0x0040 = 0xe120269a :     sbbo     R26, R6,  32 ,  4 
pru_realtime.p(  266) : 0x0041 = 0x240000fb :     mov      R27, 0
pru_realtime.p(  267) : 0x0042 = 0xe124269b :     sbbo     R27, R6,  36 ,  4 
pru_realtime.p(  268) : 0x0043 = 0x240000e1 :     mov      r1, 0
pru_realtime.p(  269) : 0x0044 = 0xe1042681 :     sbbo     r1, R6,  4 ,  4 
pru_realtime.p(  270) : 0x0045 = 0x21001800 :     jmp      cmd_done
pru_realtime.p(  274) : 0x0046 = Label      : cmd_count:
pru_realtime.p(  275) : 0x0046 = 0xf1082681 :     lbbo     r1, R6,  8 ,  4 
pru_realtime.p(  276) : 0x0047 = 0x0101e1e1 :     add      r1, r1, 1
pru_realtime.p(  277) : 0x0048 = 0xe1082681 :     sbbo     r1, R6,  8 ,  4 
pru_realtime.p(  279) : 0x0049 = 0x23015a9c :     jal      R28.w0.w0, wait_bus_clk
pru_realtime.p(  280) : 0x004a = 0x23013d9c :     jal      R28.w0.w0, addr_n0st
pru_realtime.p(  281) : 0x004b = 0x2300d59c :     jal      R28.w0.w0, bus_read
pru_realtime.p(  283) : 0x004c = Label      : check_n0:
pru_realtime.p(  284) : 0x004c = 0x248000e1 :     mov      r1, 0x00008000
pru_realtime.p(  285) : 0x004d = 0x10e1f4e1 :     and      r1, R20, r1
pru_realtime.p(  286) : 0x004e = 0x5100e10c :     qbeq     check_n3, r1, 0
pru_realtime.p(  287) : 0x004f = 0x0101f9f9 :     add      R25, R25, 1
pru_realtime.p(  288) : 0x0050 = 0xe11c2699 :     sbbo     R25, R6,  28 ,  4 
pru_realtime.p(  290) : 0x0051 = 0x2301409c :     jal      R28.w0.w0, addr_out3
pru_realtime.p(  291) : 0x0052 = 0xf1a02693 :     lbbo     R19, R6,  160 ,  4 
pru_realtime.p(  292) : 0x0053 = 0xf1a42694 :     lbbo     R20, R6,  164 ,  4 
pru_realtime.p(  293) : 0x0054 = 0xf1a82695 :     lbbo     R21, R6,  168 ,  4 
pru_realtime.p(  294) : 0x0055 = 0xf1ac2696 :     lbbo     R22, R6,  172 ,  4 
pru_realtime.p(  295) : 0x0056 = 0xf1b02697 :     lbbo     R23, R6,  176 ,  4 
pru_realtime.p(  296) : 0x0057 = 0xf1b42698 :     lbbo     R24, R6,  180 ,  4 
pru_realtime.p(  297) : 0x0058 = 0x2300f19c :     jal      R28.w0.w0, bus_write
pru_realtime.p(  298) : 0x0059 = 0x21001a00 :     jmp      cmd_get
pru_realtime.p(  300) : 0x005a = Label      : check_n3:
pru_realtime.p(  301) : 0x005a = 0x240010e1 :     mov      r1, 0x00000010
pru_realtime.p(  302) : 0x005b = 0x10e1f5e1 :     and      r1, R21, r1
pru_realtime.p(  303) : 0x005c = 0x5100e10c :     qbeq     check_eom, r1, 0
pru_realtime.p(  304) : 0x005d = 0x0101fafa :     add      R26, R26, 1
pru_realtime.p(  305) : 0x005e = 0xe120269a :     sbbo     R26, R6,  32 ,  4 
pru_realtime.p(  307) : 0x005f = 0x2301409c :     jal      R28.w0.w0, addr_out3
pru_realtime.p(  308) : 0x0060 = 0xf1b82693 :     lbbo     R19, R6,  184 ,  4 
pru_realtime.p(  309) : 0x0061 = 0xf1bc2694 :     lbbo     R20, R6,  188 ,  4 
pru_realtime.p(  310) : 0x0062 = 0xf1c02695 :     lbbo     R21, R6,  192 ,  4 
pru_realtime.p(  311) : 0x0063 = 0xf1c42696 :     lbbo     R22, R6,  196 ,  4 
pru_realtime.p(  312) : 0x0064 = 0xf1c82697 :     lbbo     R23, R6,  200 ,  4 
pru_realtime.p(  313) : 0x0065 = 0xf1cc2698 :     lbbo     R24, R6,  204 ,  4 
pru_realtime.p(  314) : 0x0066 = 0x2300f19c :     jal      R28.w0.w0, bus_write
pru_realtime.p(  315) : 0x0067 = 0x21001a00 :     jmp      cmd_get
pru_realtime.p(  317) : 0x0068 = Label      : check_eom:
pru_realtime.p(  318) : 0x0068 = 0x0101fbfb :     add      R27, R27, 1
pru_realtime.p(  319) : 0x0069 = 0xe124269b :     sbbo     R27, R6,  36 ,  4 
pru_realtime.p(  320) : 0x006a = 0x242000e1 :     mov      r1, 0x00002000
pru_realtime.p(  321) : 0x006b = 0x10e1f4e1 :     and      r1, R20, r1
pru_realtime.p(  322) : 0x006c = 0x6f00e1ae :     qbne     cmd_get, r1, 0
pru_realtime.p(  323) : 0x006d = 0x240000e1 :     mov      r1, 0
pru_realtime.p(  324) : 0x006e = 0xe1042681 :     sbbo     r1, R6,  4 ,  4 
pru_realtime.p(  325) : 0x006f = 0x21001a00 :     jmp      cmd_get
pru_realtime.p(  328) : 0x0070 = Label      : cmd_bus_clk_stop:
pru_realtime.p(  330) : 0x0070 = 0x23015edc :     jal      R28.w2.w0, bus_clock_stop_deassert
pru_realtime.p(  331) : 0x0071 = 0x230152dc :     jal      R28.w2.w0, wait_clk
pru_realtime.p(  332) : 0x0072 = 0x21001800 :     jmp      cmd_done
pru_realtime.p(  335) : 0x0073 = Label      : cmd_bus_clk_start:
pru_realtime.p(  337) : 0x0073 = 0x230152dc :     jal      R28.w2.w0, wait_clk
pru_realtime.p(  338) : 0x0074 = 0x230164dc :     jal      R28.w2.w0, bus_clock_start
pru_realtime.p(  339) : 0x0075 = 0x21001800 :     jmp      cmd_done
pru_realtime.p(  343) : 0x0076 = Label      : cmd_TI_meas:
pru_realtime.p(  346) : 0x0076 = 0x2300ff9d :     jal      R29.w0.w0, fast_write_enter
pru_realtime.p(  349) : 0x0077 = 0xf11c2781 :     lbbo     r1, R7,  28 ,  4 
pru_realtime.p(  349) : 0x0078 = 0xe0ef2881 :     sbbo     r1, R8, R15, 4
pru_realtime.p(  349) : 0x0079 = 0xf1202781 :     lbbo     r1, R7,  32 ,  4 
pru_realtime.p(  349) : 0x007a = 0xe0ee2881 :     sbbo     r1, R8, R14, 4
pru_realtime.p(  350) : 0x007b = 0xf1242781 :     lbbo     r1, R7,  36 ,  4 
pru_realtime.p(  350) : 0x007c = 0xe0ef2981 :     sbbo     r1, R9, R15, 4
pru_realtime.p(  350) : 0x007d = 0xf1282781 :     lbbo     r1, R7,  40 ,  4 
pru_realtime.p(  350) : 0x007e = 0xe0ee2981 :     sbbo     r1, R9, R14, 4
pru_realtime.p(  351) : 0x007f = 0xf12c2781 :     lbbo     r1, R7,  44 ,  4 
pru_realtime.p(  351) : 0x0080 = 0xe0ef2a81 :     sbbo     r1, R10, R15, 4
pru_realtime.p(  351) : 0x0081 = 0xf1302781 :     lbbo     r1, R7,  48 ,  4 
pru_realtime.p(  351) : 0x0082 = 0xe0ee2a81 :     sbbo     r1, R10, R14, 4
pru_realtime.p(  352) : 0x0083 = 0xf1342781 :     lbbo     r1, R7,  52 ,  4 
pru_realtime.p(  352) : 0x0084 = 0xe0ef2b81 :     sbbo     r1, R11, R15, 4
pru_realtime.p(  352) : 0x0085 = 0xf1382781 :     lbbo     r1, R7,  56 ,  4 
pru_realtime.p(  352) : 0x0086 = 0xe0ee2b81 :     sbbo     r1, R11, R14, 4
pru_realtime.p(  353) : 0x0087 = 0x23016a9d :     jal      R29.w0.w0, bus_clock_pulse
pru_realtime.p(  356) : 0x0088 = 0xf13c2781 :     lbbo     r1, R7,  60 ,  4 
pru_realtime.p(  356) : 0x0089 = 0xe0ef2881 :     sbbo     r1, R8, R15, 4
pru_realtime.p(  356) : 0x008a = 0xf1402781 :     lbbo     r1, R7,  64 ,  4 
pru_realtime.p(  356) : 0x008b = 0xe0ee2881 :     sbbo     r1, R8, R14, 4
pru_realtime.p(  357) : 0x008c = 0xf1442781 :     lbbo     r1, R7,  68 ,  4 
pru_realtime.p(  357) : 0x008d = 0xe0ef2981 :     sbbo     r1, R9, R15, 4
pru_realtime.p(  357) : 0x008e = 0xf1482781 :     lbbo     r1, R7,  72 ,  4 
pru_realtime.p(  357) : 0x008f = 0xe0ee2981 :     sbbo     r1, R9, R14, 4
pru_realtime.p(  358) : 0x0090 = 0xf14c2781 :     lbbo     r1, R7,  76 ,  4 
pru_realtime.p(  358) : 0x0091 = 0xe0ef2a81 :     sbbo     r1, R10, R15, 4
pru_realtime.p(  358) : 0x0092 = 0xf1502781 :     lbbo     r1, R7,  80 ,  4 
pru_realtime.p(  358) : 0x0093 = 0xe0ee2a81 :     sbbo     r1, R10, R14, 4
pru_realtime.p(  359) : 0x0094 = 0xf1542781 :     lbbo     r1, R7,  84 ,  4 
pru_realtime.p(  359) : 0x0095 = 0xe0ef2b81 :     sbbo     r1, R11, R15, 4
pru_realtime.p(  359) : 0x0096 = 0xf1582781 :     lbbo     r1, R7,  88 ,  4 
pru_realtime.p(  359) : 0x0097 = 0xe0ee2b81 :     sbbo     r1, R11, R14, 4
pru_realtime.p(  360) : 0x0098 = 0x23016a9d :     jal      R29.w0.w0, bus_clock_pulse
pru_realtime.p(  364) : 0x0099 = 0xf1642781 :     lbbo     r1, R7,  100 ,  4 
pru_realtime.p(  364) : 0x009a = 0xe0ef2981 :     sbbo     r1, R9, R15, 4
pru_realtime.p(  364) : 0x009b = 0xf1682781 :     lbbo     r1, R7,  104 ,  4 
pru_realtime.p(  364) : 0x009c = 0xe0ee2981 :     sbbo     r1, R9, R14, 4
pru_realtime.p(  365) : 0x009d = 0x23016a9d :     jal      R29.w0.w0, bus_clock_pulse
pru_realtime.p(  368) : 0x009e = 0x2301149d :     jal      R29.w0.w0, fast_write_exit
pru_realtime.p(  373) : 0x009f = 0x23013d9c :     jal      R28.w0.w0, addr_n0st
pru_realtime.p(  375) : 0x00a0 = Label      : wait_eom:
pru_realtime.p(  376) : 0x00a0 = 0x2300db9d :     jal      R29.w0.w0, bus_read1
pru_realtime.p(  377) : 0x00a1 = 0x242000e1 :     mov      r1, 0x00002000
pru_realtime.p(  378) : 0x00a2 = 0x10e1f4e1 :     and      r1, R20, r1
pru_realtime.p(  379) : 0x00a3 = 0x6f00e1fd :     qbne     wait_eom, r1, 0
pru_realtime.p(  382) : 0x00a4 = 0x2300ff9d :     jal      R29.w0.w0, fast_write_enter
pru_realtime.p(  385) : 0x00a5 = 0xf17c2781 :     lbbo     r1, R7,  124 ,  4 
pru_realtime.p(  385) : 0x00a6 = 0xe0ef2881 :     sbbo     r1, R8, R15, 4
pru_realtime.p(  385) : 0x00a7 = 0xf1802781 :     lbbo     r1, R7,  128 ,  4 
pru_realtime.p(  385) : 0x00a8 = 0xe0ee2881 :     sbbo     r1, R8, R14, 4
pru_realtime.p(  386) : 0x00a9 = 0xf1842781 :     lbbo     r1, R7,  132 ,  4 
pru_realtime.p(  386) : 0x00aa = 0xe0ef2981 :     sbbo     r1, R9, R15, 4
pru_realtime.p(  386) : 0x00ab = 0xf1882781 :     lbbo     r1, R7,  136 ,  4 
pru_realtime.p(  386) : 0x00ac = 0xe0ee2981 :     sbbo     r1, R9, R14, 4
pru_realtime.p(  387) : 0x00ad = 0xf18c2781 :     lbbo     r1, R7,  140 ,  4 
pru_realtime.p(  387) : 0x00ae = 0xe0ef2a81 :     sbbo     r1, R10, R15, 4
pru_realtime.p(  387) : 0x00af = 0xf1902781 :     lbbo     r1, R7,  144 ,  4 
pru_realtime.p(  387) : 0x00b0 = 0xe0ee2a81 :     sbbo     r1, R10, R14, 4
pru_realtime.p(  388) : 0x00b1 = 0xf1942781 :     lbbo     r1, R7,  148 ,  4 
pru_realtime.p(  388) : 0x00b2 = 0xe0ef2b81 :     sbbo     r1, R11, R15, 4
pru_realtime.p(  388) : 0x00b3 = 0xf1982781 :     lbbo     r1, R7,  152 ,  4 
pru_realtime.p(  388) : 0x00b4 = 0xe0ee2b81 :     sbbo     r1, R11, R14, 4
pru_realtime.p(  389) : 0x00b5 = 0x23016a9d :     jal      R29.w0.w0, bus_clock_pulse
pru_realtime.p(  392) : 0x00b6 = 0x2301149d :     jal      R29.w0.w0, fast_write_exit
pru_realtime.p(  395) : 0x00b7 = 0x23013d9c :     jal      R28.w0.w0, addr_n0st
pru_realtime.p(  396) : 0x00b8 = 0x2300db9d :     jal      R29.w0.w0, bus_read1
pru_realtime.p(  397) : 0x00b9 = 0xe19c2793 :     sbbo     R19, R7,  156 ,  4 
pru_realtime.p(  398) : 0x00ba = 0xe1a02794 :     sbbo     R20, R7,  160 ,  4 
pru_realtime.p(  399) : 0x00bb = 0xe1a42795 :     sbbo     R21, R7,  164 ,  4 
pru_realtime.p(  402) : 0x00bc = 0x240070f3 :     mov      R19,  112 
pru_realtime.p(  403) : 0x00bd = 0x23012adc :     jal      R28.w2.w0, set_addr
pru_realtime.p(  404) : 0x00be = 0x2300db9d :     jal      R29.w0.w0, bus_read1
pru_realtime.p(  405) : 0x00bf = 0xe1a82793 :     sbbo     R19, R7,  168 ,  4 
pru_realtime.p(  406) : 0x00c0 = 0xe1ac2794 :     sbbo     R20, R7,  172 ,  4 
pru_realtime.p(  407) : 0x00c1 = 0xe1b02795 :     sbbo     R21, R7,  176 ,  4 
pru_realtime.p(  408) : 0x00c2 = 0x240001c1 :     mov      r1, 0x00010000
pru_realtime.p(  408) : 0x00c3 = 0x24000081 :     mov      r1, 0x00010000
pru_realtime.p(  409) : 0x00c4 = 0xe0ef2b81 :     sbbo     r1, R11, R15, 4
pru_realtime.p(  410) : 0x00c5 = 0xe1b42793 :     sbbo     R19, R7,  180 ,  4 
pru_realtime.p(  411) : 0x00c6 = 0xe1b82794 :     sbbo     R20, R7,  184 ,  4 
pru_realtime.p(  412) : 0x00c7 = 0xe1bc2795 :     sbbo     R21, R7,  188 ,  4 
pru_realtime.p(  415) : 0x00c8 = 0x240058f3 :     mov      R19,  88 
pru_realtime.p(  416) : 0x00c9 = 0x23012adc :     jal      R28.w2.w0, set_addr
pru_realtime.p(  417) : 0x00ca = 0x2300db9d :     jal      R29.w0.w0, bus_read1
pru_realtime.p(  418) : 0x00cb = 0xe1c02793 :     sbbo     R19, R7,  192 ,  4 
pru_realtime.p(  419) : 0x00cc = 0xe1c42794 :     sbbo     R20, R7,  196 ,  4 
pru_realtime.p(  420) : 0x00cd = 0xe1c82795 :     sbbo     R21, R7,  200 ,  4 
pru_realtime.p(  421) : 0x00ce = 0x240001c1 :     mov      r1, 0x00010000
pru_realtime.p(  421) : 0x00cf = 0x24000081 :     mov      r1, 0x00010000
pru_realtime.p(  422) : 0x00d0 = 0xe0ef2b81 :     sbbo     r1, R11, R15, 4
pru_realtime.p(  423) : 0x00d1 = 0xe1cc2793 :     sbbo     R19, R7,  204 ,  4 
pru_realtime.p(  424) : 0x00d2 = 0xe1d02794 :     sbbo     R20, R7,  208 ,  4 
pru_realtime.p(  425) : 0x00d3 = 0xe1d42795 :     sbbo     R21, R7,  212 ,  4 
pru_realtime.p(  427) : 0x00d4 = 0x21001800 :     jmp      cmd_done
pru_realtime.p(  434) : 0x00d5 = Label      : bus_read:
pru_realtime.p(  436) : 0x00d5 = 0x23015edc :     jal      R28.w2.w0, bus_clock_stop_deassert
pru_realtime.p(  437) : 0x00d6 = 0x230152dc :     jal      R28.w2.w0, wait_clk
pru_realtime.p(  439) : 0x00d7 = 0x2300db9d :     jal      R29.w0.w0, bus_read1
pru_realtime.p(  442) : 0x00d8 = 0x230152dc :     jal      R28.w2.w0, wait_clk
pru_realtime.p(  443) : 0x00d9 = 0x230164dc :     jal      R28.w2.w0, bus_clock_start
pru_realtime.p(  444) : 0x00da = 0x209c0000 :     jmp      R28.w0.w0
pru_realtime.p(  446) : 0x00db = Label      : bus_read1:
pru_realtime.p(  449) : 0x00db = 0x240040c1 :     mov      r1, 0x00400000
pru_realtime.p(  449) : 0x00dc = 0x24000081 :     mov      r1, 0x00400000
pru_realtime.p(  450) : 0x00dd = 0xe0ee2881 :     sbbo     r1, R8, R14, 4
pru_realtime.p(  451) : 0x00de = 0x240010e1 :     mov      r1, 0x00000010
pru_realtime.p(  452) : 0x00df = 0xe0ef2881 :     sbbo     r1, R8, R15, 4
pru_realtime.p(  453) : 0x00e0 = 0x242000c1 :     mov      r1, 0x20000000
pru_realtime.p(  453) : 0x00e1 = 0x24000081 :     mov      r1, 0x20000000
pru_realtime.p(  454) : 0x00e2 = 0xe0ef2981 :     sbbo     r1, R9, R15, 4
pru_realtime.p(  455) : 0x00e3 = 0x230152dc :     jal      R28.w2.w0, wait_clk
pru_realtime.p(  456) : 0x00e4 = 0x230161dc :     jal      R28.w2.w0, bus_clock_assert
pru_realtime.p(  458) : 0x00e5 = 0x230156dc :     jal      R28.w2.w0, wait_access
pru_realtime.p(  459) : 0x00e6 = 0xf0ec2893 :     lbbo     R19, R8, R12, 4
pru_realtime.p(  460) : 0x00e7 = 0x1700f3f3 :     not      R19, R19
pru_realtime.p(  461) : 0x00e8 = 0xf0ec2994 :     lbbo     R20, R9, R12, 4
pru_realtime.p(  462) : 0x00e9 = 0x1700f4f4 :     not      R20, R20
pru_realtime.p(  463) : 0x00ea = 0xf0ec2a95 :     lbbo     R21, R10, R12, 4
pru_realtime.p(  464) : 0x00eb = 0x1700f5f5 :     not      R21, R21
pru_realtime.p(  466) : 0x00ec = 0x23015edc :     jal      R28.w2.w0, bus_clock_stop_deassert
pru_realtime.p(  467) : 0x00ed = 0x242000c1 :     mov      r1, 0x20000000
pru_realtime.p(  467) : 0x00ee = 0x24000081 :     mov      r1, 0x20000000
pru_realtime.p(  468) : 0x00ef = 0xe0ee2981 :     sbbo     r1, R9, R14, 4
pru_realtime.p(  469) : 0x00f0 = 0x209d0000 :     jmp      R29.w0.w0
pru_realtime.p(  477) : 0x00f1 = Label      : bus_write:
pru_realtime.p(  479) : 0x00f1 = 0x23015edc :     jal      R28.w2.w0, bus_clock_stop_deassert
pru_realtime.p(  480) : 0x00f2 = 0x230152dc :     jal      R28.w2.w0, wait_clk
pru_realtime.p(  483) : 0x00f3 = 0x2300ff9d :     jal      R29.w0.w0, fast_write_enter
pru_realtime.p(  486) : 0x00f4 = 0xe0ef2893 :     sbbo     R19, R8, R15, 4
pru_realtime.p(  487) : 0x00f5 = 0xe0ee2894 :     sbbo     R20, R8, R14, 4
pru_realtime.p(  488) : 0x00f6 = 0xe0ef2995 :     sbbo     R21, R9, R15, 4
pru_realtime.p(  489) : 0x00f7 = 0xe0ee2996 :     sbbo     R22, R9, R14, 4
pru_realtime.p(  490) : 0x00f8 = 0xe0ef2a97 :     sbbo     R23, R10, R15, 4
pru_realtime.p(  491) : 0x00f9 = 0xe0ee2a98 :     sbbo     R24, R10, R14, 4
pru_realtime.p(  492) : 0x00fa = 0x23016a9d :     jal      R29.w0.w0, bus_clock_pulse
pru_realtime.p(  495) : 0x00fb = 0x2301149d :     jal      R29.w0.w0, fast_write_exit
pru_realtime.p(  498) : 0x00fc = 0x230152dc :     jal      R28.w2.w0, wait_clk
pru_realtime.p(  499) : 0x00fd = 0x230164dc :     jal      R28.w2.w0, bus_clock_start
pru_realtime.p(  500) : 0x00fe = 0x209c0000 :     jmp      R28.w0.w0
pru_realtime.p(  503) : 0x00ff = Label      : fast_write_enter:
pru_realtime.p(  506) : 0x00ff = 0x240040c1 :     mov      r1, 0x00400000
pru_realtime.p(  506) : 0x0100 = 0x24000081 :     mov      r1, 0x00400000
pru_realtime.p(  507) : 0x0101 = 0xe0ef2881 :     sbbo     r1, R8, R15, 4
pru_realtime.p(  509) : 0x0102 = 0x24f37fc0 :     mov      r0, (~(0x00800000 | 0x04000000 | 0x08000000))
pru_realtime.p(  509) : 0x0103 = 0x24ffff80 :     mov      r0, (~(0x00800000 | 0x04000000 | 0x08000000))
pru_realtime.p(  510) : 0x0104 = 0x240000e1 :     mov      r1, 0
pru_realtime.p(  511) : 0x0105 = 0x230143dc :     jal      R28.w2.w0, set_oe0
pru_realtime.p(  512) : 0x0106 = 0x24ffffc0 :     mov      r0, (~(0x00002000 | 0x00001000 | 0x00008000 | 0x00004000))
pru_realtime.p(  512) : 0x0107 = 0x240fff80 :     mov      r0, (~(0x00002000 | 0x00001000 | 0x00008000 | 0x00004000))
pru_realtime.p(  513) : 0x0108 = 0x240000e1 :     mov      r1, 0
pru_realtime.p(  514) : 0x0109 = 0x230148dc :     jal      R28.w2.w0, set_oe1
pru_realtime.p(  515) : 0x010a = 0x24ffffc0 :     mov      r0, (~(0x00000010))
pru_realtime.p(  515) : 0x010b = 0x24ffef80 :     mov      r0, (~(0x00000010))
pru_realtime.p(  516) : 0x010c = 0x240000e1 :     mov      r1, 0
pru_realtime.p(  517) : 0x010d = 0x23014ddc :     jal      R28.w2.w0, set_oe2
pru_realtime.p(  519) : 0x010e = 0x240010e1 :     mov      r1, 0x00000010
pru_realtime.p(  520) : 0x010f = 0xe0ee2881 :     sbbo     r1, R8, R14, 4
pru_realtime.p(  521) : 0x0110 = 0x242000c1 :     mov      r1, 0x20000000
pru_realtime.p(  521) : 0x0111 = 0x24000081 :     mov      r1, 0x20000000
pru_realtime.p(  522) : 0x0112 = 0xe0ef2981 :     sbbo     r1, R9, R15, 4
pru_realtime.p(  523) : 0x0113 = 0x209d0000 :     jmp      R29.w0.w0
pru_realtime.p(  526) : 0x0114 = Label      : fast_write_exit:
pru_realtime.p(  529) : 0x0114 = 0x240010e1 :     mov      r1, 0x00000010
pru_realtime.p(  530) : 0x0115 = 0xe0ef2881 :     sbbo     r1, R8, R15, 4
pru_realtime.p(  531) : 0x0116 = 0x242000c1 :     mov      r1, 0x20000000
pru_realtime.p(  531) : 0x0117 = 0x24000081 :     mov      r1, 0x20000000
pru_realtime.p(  532) : 0x0118 = 0xe0ee2981 :     sbbo     r1, R9, R14, 4
pru_realtime.p(  534) : 0x0119 = 0x24ffffc0 :     mov      r0, 0xffffffff
pru_realtime.p(  534) : 0x011a = 0x24ffff80 :     mov      r0, 0xffffffff
pru_realtime.p(  535) : 0x011b = 0x240c80c1 :     mov      r1, (0x00800000 | 0x04000000 | 0x08000000)
pru_realtime.p(  535) : 0x011c = 0x24000081 :     mov      r1, (0x00800000 | 0x04000000 | 0x08000000)
pru_realtime.p(  536) : 0x011d = 0x230143dc :     jal      R28.w2.w0, set_oe0
pru_realtime.p(  537) : 0x011e = 0x24ffffc0 :     mov      r0, 0xffffffff
pru_realtime.p(  537) : 0x011f = 0x24ffff80 :     mov      r0, 0xffffffff
pru_realtime.p(  538) : 0x0120 = 0x24f000e1 :     mov      r1, (0x00002000 | 0x00001000 | 0x00008000 | 0x00004000)
pru_realtime.p(  539) : 0x0121 = 0x230148dc :     jal      R28.w2.w0, set_oe1
pru_realtime.p(  540) : 0x0122 = 0x24ffffc0 :     mov      r0, 0xffffffff
pru_realtime.p(  540) : 0x0123 = 0x24ffff80 :     mov      r0, 0xffffffff
pru_realtime.p(  541) : 0x0124 = 0x240010e1 :     mov      r1, (0x00000010)
pru_realtime.p(  542) : 0x0125 = 0x23014ddc :     jal      R28.w2.w0, set_oe2
pru_realtime.p(  544) : 0x0126 = 0x240040c1 :     mov      r1, 0x00400000
pru_realtime.p(  544) : 0x0127 = 0x24000081 :     mov      r1, 0x00400000
pru_realtime.p(  545) : 0x0128 = 0xe0ee2881 :     sbbo     r1, R8, R14, 4
pru_realtime.p(  546) : 0x0129 = 0x209d0000 :     jmp      R29.w0.w0
pru_realtime.p(  550) : 0x012a = Label      : set_addr:
pru_realtime.p(  551) : 0x012a = 0xf0f32681 :     lbbo     r1, R6, R19, 4
pru_realtime.p(  552) : 0x012b = 0x0104f3f3 :     add      R19, R19, 4
pru_realtime.p(  553) : 0x012c = 0xe0ef2881 :     sbbo     r1, R8, R15, 4
pru_realtime.p(  555) : 0x012d = 0xf0f32681 :     lbbo     r1, R6, R19, 4
pru_realtime.p(  556) : 0x012e = 0x0104f3f3 :     add      R19, R19, 4
pru_realtime.p(  557) : 0x012f = 0xe0ee2881 :     sbbo     r1, R8, R14, 4
pru_realtime.p(  559) : 0x0130 = 0xf0f32681 :     lbbo     r1, R6, R19, 4
pru_realtime.p(  560) : 0x0131 = 0x0104f3f3 :     add      R19, R19, 4
pru_realtime.p(  561) : 0x0132 = 0xe0ef2981 :     sbbo     r1, R9, R15, 4
pru_realtime.p(  563) : 0x0133 = 0xf0f32681 :     lbbo     r1, R6, R19, 4
pru_realtime.p(  564) : 0x0134 = 0x0104f3f3 :     add      R19, R19, 4
pru_realtime.p(  565) : 0x0135 = 0xe0ee2981 :     sbbo     r1, R9, R14, 4
pru_realtime.p(  567) : 0x0136 = 0xf0f32681 :     lbbo     r1, R6, R19, 4
pru_realtime.p(  568) : 0x0137 = 0x0104f3f3 :     add      R19, R19, 4
pru_realtime.p(  569) : 0x0138 = 0xe0ef2b81 :     sbbo     r1, R11, R15, 4
pru_realtime.p(  571) : 0x0139 = 0xf0f32681 :     lbbo     r1, R6, R19, 4
pru_realtime.p(  572) : 0x013a = 0x0104f3f3 :     add      R19, R19, 4
pru_realtime.p(  573) : 0x013b = 0xe0ee2b81 :     sbbo     r1, R11, R14, 4
pru_realtime.p(  574) : 0x013c = 0x20dc0000 :     jmp      R28.w2.w0
pru_realtime.p(  576) : 0x013d = Label      : addr_n0st:
pru_realtime.p(  577) : 0x013d = 0x240040f3 :     mov      R19,  64 
pru_realtime.p(  578) : 0x013e = 0x23012adc :     jal      R28.w2.w0, set_addr
pru_realtime.p(  579) : 0x013f = 0x209c0000 :     jmp      R28.w0.w0
pru_realtime.p(  581) : 0x0140 = Label      : addr_out3:
pru_realtime.p(  582) : 0x0140 = 0x240088f3 :     mov      R19,  136 
pru_realtime.p(  583) : 0x0141 = 0x23012adc :     jal      R28.w2.w0, set_addr
pru_realtime.p(  584) : 0x0142 = 0x209c0000 :     jmp      R28.w0.w0
pru_realtime.p(  586) : 0x0143 = Label      : set_oe0:
pru_realtime.p(  587) : 0x0143 = 0xf0ed2883 :     lbbo     r3, R8, R13, 4
pru_realtime.p(  588) : 0x0144 = 0x10e0e3e3 :     and      r3, r3, r0
pru_realtime.p(  589) : 0x0145 = 0x12e1e3e3 :     or       r3, r3, r1
pru_realtime.p(  590) : 0x0146 = 0xe0ed2883 :     sbbo     r3, R8, R13, 4
pru_realtime.p(  591) : 0x0147 = 0x20dc0000 :     jmp      R28.w2.w0
pru_realtime.p(  593) : 0x0148 = Label      : set_oe1:
pru_realtime.p(  594) : 0x0148 = 0xf0ed2983 :     lbbo     r3, R9, R13, 4
pru_realtime.p(  595) : 0x0149 = 0x10e0e3e3 :     and      r3, r3, r0
pru_realtime.p(  596) : 0x014a = 0x12e1e3e3 :     or       r3, r3, r1
pru_realtime.p(  597) : 0x014b = 0xe0ed2983 :     sbbo     r3, R9, R13, 4
pru_realtime.p(  598) : 0x014c = 0x20dc0000 :     jmp      R28.w2.w0
pru_realtime.p(  600) : 0x014d = Label      : set_oe2:
pru_realtime.p(  601) : 0x014d = 0xf0ed2a83 :     lbbo     r3, R10, R13, 4
pru_realtime.p(  602) : 0x014e = 0x10e0e3e3 :     and      r3, r3, r0
pru_realtime.p(  603) : 0x014f = 0x12e1e3e3 :     or       r3, r3, r1
pru_realtime.p(  604) : 0x0150 = 0xe0ed2a83 :     sbbo     r3, R10, R13, 4
pru_realtime.p(  605) : 0x0151 = 0x20dc0000 :     jmp      R28.w2.w0
pru_realtime.p(  607) : 0x0152 = Label      : wait_clk:
pru_realtime.p(  609) : 0x0152 = 0x24000ae1 :     mov      r1, 10
pru_realtime.p(  610) : 0x0153 = Label      : wait_clk1:
pru_realtime.p(  611) : 0x0153 = 0x0501e1e1 :     sub      r1, r1, 1
pru_realtime.p(  612) : 0x0154 = 0x6f00e1ff :     qbne     wait_clk1, r1, 0
pru_realtime.p(  613) : 0x0155 = 0x20dc0000 :     jmp      R28.w2.w0
pru_realtime.p(  615) : 0x0156 = Label      : wait_access:
pru_realtime.p(  617) : 0x0156 = 0x240050e1 :     mov      r1, 80
pru_realtime.p(  618) : 0x0157 = Label      : wait_access1:
pru_realtime.p(  619) : 0x0157 = 0x0501e1e1 :     sub      r1, r1, 1
pru_realtime.p(  620) : 0x0158 = 0x6f00e1ff :     qbne     wait_access1, r1, 0
pru_realtime.p(  621) : 0x0159 = 0x20dc0000 :     jmp      R28.w2.w0
pru_realtime.p(  623) : 0x015a = Label      : wait_bus_clk:
pru_realtime.p(  625) : 0x015a = 0x241388e1 :     mov      r1, 5000
pru_realtime.p(  626) : 0x015b = Label      : wait_bus_clk1:
pru_realtime.p(  627) : 0x015b = 0x0501e1e1 :     sub      r1, r1, 1
pru_realtime.p(  628) : 0x015c = 0x6f00e1ff :     qbne     wait_bus_clk1, r1, 0
pru_realtime.p(  629) : 0x015d = 0x20dc0000 :     jmp      R28.w2.w0
pru_realtime.p(  631) : 0x015e = Label      : bus_clock_stop_deassert:
pru_realtime.p(  632) : 0x015e = 0x241402e1 :     mov      r1, ((1<<12) | (1<<10) | (1<<1))
pru_realtime.p(  633) : 0x015f = 0xe0f13081 :     sbbo     r1, R16, R17, 4
pru_realtime.p(  634) : 0x0160 = 0x20dc0000 :     jmp      R28.w2.w0
pru_realtime.p(  636) : 0x0161 = Label      : bus_clock_assert:
pru_realtime.p(  637) : 0x0161 = 0x241482e1 :     mov      r1, (((1<<12) | (1<<10) | (1<<1)) | (1<<7))
pru_realtime.p(  638) : 0x0162 = 0xe0f13081 :     sbbo     r1, R16, R17, 4
pru_realtime.p(  639) : 0x0163 = 0x20dc0000 :     jmp      R28.w2.w0
pru_realtime.p(  641) : 0x0164 = Label      : bus_clock_start:
pru_realtime.p(  642) : 0x0164 = 0x24ffffc1 :     mov      r1, -9
pru_realtime.p(  642) : 0x0165 = 0x24fff781 :     mov      r1, -9
pru_realtime.p(  643) : 0x0166 = 0xe0f23081 :     sbbo     r1, R16, R18, 4
pru_realtime.p(  644) : 0x0167 = 0x241403e1 :     mov      r1, (((1<<12) | (1<<10) | (1<<1)) | (1<<0))
pru_realtime.p(  645) : 0x0168 = 0xe0f13081 :     sbbo     r1, R16, R17, 4
pru_realtime.p(  646) : 0x0169 = 0x20dc0000 :     jmp      R28.w2.w0
pru_realtime.p(  648) : 0x016a = Label      : bus_clock_pulse:
pru_realtime.p(  649) : 0x016a = 0x230156dc :     jal      R28.w2.w0, wait_access
pru_realtime.p(  650) : 0x016b = 0x230161dc :     jal      R28.w2.w0, bus_clock_assert
pru_realtime.p(  651) : 0x016c = 0x230156dc :     jal      R28.w2.w0, wait_access
pru_realtime.p(  652) : 0x016d = 0x23015edc :     jal      R28.w2.w0, bus_clock_stop_deassert
pru_realtime.p(  653) : 0x016e = 0x230152dc :     jal      R28.w2.w0, wait_clk
pru_realtime.p(  654) : 0x016f = 0x209d0000 :     jmp      R29.w0.w0
